{
  "RSpec": {
    "coverage": {
      "/Users/drewfacchiano/.code/Code/Berk/lost_and_found_TEST/lost-and-found/spec/controllers/items_controller_spec.rb": {
        "lines": [
          1,
          1,
          null,
          1,
          1,
          1,
          1,
          1,
          1,
          1,
          1,
          1,
          null,
          null,
          null
        ]
      },
      "/Users/drewfacchiano/.code/Code/Berk/lost_and_found_TEST/lost-and-found/spec/rails_helper.rb": {
        "lines": [
          1,
          1,
          1,
          1,
          1,
          1,
          1
        ]
      },
      "/Users/drewfacchiano/.code/Code/Berk/lost_and_found_TEST/lost-and-found/config/environment.rb": {
        "lines": [
          null,
          null,
          1,
          null,
          1
        ]
      },
      "/Users/drewfacchiano/.code/Code/Berk/lost_and_found_TEST/lost-and-found/config/application.rb": {
        "lines": [
          1,
          1,
          1,
          1,
          1,
          1,
          1,
          1,
          1,
          1,
          1,
          1,
          1,
          1,
          null,
          277,
          null,
          null,
          null,
          null,
          1,
          1,
          277,
          null,
          null,
          null,
          null
        ]
      },
      "/Users/drewfacchiano/.code/Code/Berk/lost_and_found_TEST/lost-and-found/lib/docker.rb": {
        "lines": [
          1,
          1,
          1,
          1,
          1,
          0,
          0,
          0,
          null,
          null,
          null,
          null,
          null
        ]
      },
      "/Users/drewfacchiano/.code/Code/Berk/lost_and_found_TEST/lost-and-found/config/boot.rb": {
        "lines": [
          null,
          null,
          1,
          null,
          1
        ]
      },
      "/Users/drewfacchiano/.code/Code/Berk/lost_and_found_TEST/lost-and-found/app/loggers/lost_and_found_logger.rb": {
        "lines": [
          1,
          1,
          1,
          1,
          null,
          1,
          2,
          null,
          null,
          1,
          2,
          null,
          null,
          null,
          1,
          1,
          2,
          2,
          null,
          null,
          1,
          1056,
          null,
          null,
          null,
          null,
          null,
          null,
          null,
          null,
          null,
          null
        ]
      },
      "/Users/drewfacchiano/.code/Code/Berk/lost_and_found_TEST/lost-and-found/config/environments/test.rb": {
        "lines": [
          1,
          1,
          1,
          1,
          1,
          null,
          null,
          null,
          1,
          1,
          1,
          null,
          1,
          1,
          1,
          1,
          1,
          1,
          1,
          1,
          1,
          1,
          null,
          null,
          1,
          1,
          null
        ]
      },
      "/Users/drewfacchiano/.code/Code/Berk/lost_and_found_TEST/lost-and-found/config/initializers/application_controller_renderer.rb": {
        "lines": [
          null
        ]
      },
      "/Users/drewfacchiano/.code/Code/Berk/lost_and_found_TEST/lost-and-found/config/initializers/assets.rb": {
        "lines": [
          null,
          null,
          1,
          null,
          1,
          null,
          1,
          null,
          1
        ]
      },
      "/Users/drewfacchiano/.code/Code/Berk/lost_and_found_TEST/lost-and-found/config/initializers/backtrace_silencers.rb": {
        "lines": [
          null
        ]
      },
      "/Users/drewfacchiano/.code/Code/Berk/lost_and_found_TEST/lost-and-found/config/initializers/content_security_policy.rb": {
        "lines": [
          null
        ]
      },
      "/Users/drewfacchiano/.code/Code/Berk/lost_and_found_TEST/lost-and-found/config/initializers/cookies_serializer.rb": {
        "lines": [
          null,
          null,
          1
        ]
      },
      "/Users/drewfacchiano/.code/Code/Berk/lost_and_found_TEST/lost-and-found/config/initializers/devise.rb": {
        "lines": [
          null,
          null,
          null,
          null,
          1,
          null,
          null,
          null,
          null,
          null,
          null,
          null,
          null,
          null,
          null,
          null,
          null,
          1,
          null,
          null,
          null,
          null,
          null,
          null,
          null,
          null,
          null,
          null,
          null,
          1,
          null,
          null,
          null,
          null,
          null,
          null,
          null,
          null,
          null,
          null,
          null,
          null,
          null,
          null,
          null,
          null,
          null,
          null,
          null,
          null,
          null,
          1,
          null,
          null,
          null,
          null,
          1,
          null,
          null,
          null,
          null,
          null,
          null,
          null,
          null,
          null,
          null,
          null,
          null,
          null,
          null,
          null,
          null,
          null,
          null,
          null,
          null,
          null,
          null,
          null,
          null,
          null,
          null,
          null,
          null,
          null,
          null,
          1,
          null,
          null,
          null,
          null,
          null,
          null,
          null,
          null,
          null,
          null,
          null,
          null,
          null,
          null,
          null,
          null,
          null,
          null,
          null,
          null,
          null,
          null,
          1,
          null,
          null,
          null,
          null,
          null,
          null,
          null,
          null,
          null,
          null,
          null,
          null,
          null,
          null,
          null,
          null,
          null,
          null,
          null,
          null,
          null,
          null,
          null,
          null,
          null,
          null,
          null,
          null,
          null,
          null,
          null,
          null,
          null,
          1,
          null,
          null,
          null,
          null,
          null,
          null,
          null,
          null,
          null,
          1,
          null,
          null,
          null,
          null,
          null,
          null,
          null,
          null,
          null,
          null,
          1,
          null,
          null,
          null,
          null,
          1,
          null,
          null,
          null,
          null,
          null,
          null,
          null,
          null,
          null,
          null,
          null,
          null,
          null,
          null,
          null,
          null,
          null,
          null,
          null,
          null,
          null,
          null,
          null,
          null,
          null,
          null,
          null,
          null,
          null,
          null,
          null,
          null,
          null,
          null,
          null,
          null,
          null,
          null,
          null,
          null,
          1,
          null,
          null,
          null,
          null,
          null,
          null,
          null,
          null,
          null,
          null,
          null,
          null,
          null,
          null,
          null,
          null,
          null,
          null,
          null,
          null,
          null,
          null,
          null,
          null,
          null,
          null,
          null,
          null,
          null,
          null,
          null,
          null,
          null,
          null,
          null,
          null,
          null,
          null,
          null,
          null,
          null,
          1,
          null,
          null,
          null,
          null,
          null,
          null,
          null,
          null,
          null,
          null,
          null,
          null,
          null,
          null,
          null,
          null,
          null,
          null,
          null,
          null,
          null,
          null,
          null,
          null,
          null,
          null,
          null,
          null,
          null,
          null,
          null,
          null,
          null,
          null,
          null,
          null,
          null,
          null,
          null,
          null,
          null,
          null
        ]
      },
      "/Users/drewfacchiano/.code/Code/Berk/lost_and_found_TEST/lost-and-found/config/initializers/filter_parameter_logging.rb": {
        "lines": [
          null,
          null,
          1
        ]
      },
      "/Users/drewfacchiano/.code/Code/Berk/lost_and_found_TEST/lost-and-found/config/initializers/inflections.rb": {
        "lines": [
          null
        ]
      },
      "/Users/drewfacchiano/.code/Code/Berk/lost_and_found_TEST/lost-and-found/config/initializers/kaminari_config.rb": {
        "lines": [
          null,
          null,
          1,
          1,
          1,
          1,
          1,
          1,
          1,
          1,
          1,
          1,
          1,
          null
        ]
      },
      "/Users/drewfacchiano/.code/Code/Berk/lost_and_found_TEST/lost-and-found/config/initializers/mime_types.rb": {
        "lines": [
          null
        ]
      },
      "/Users/drewfacchiano/.code/Code/Berk/lost_and_found_TEST/lost-and-found/config/initializers/omniauth.rb": {
        "lines": [
          1,
          null,
          null,
          null,
          1,
          1,
          null,
          null,
          null,
          null,
          1,
          1,
          null,
          null,
          1,
          null,
          null,
          null,
          null,
          null,
          null,
          1,
          null
        ]
      },
      "/Users/drewfacchiano/.code/Code/Berk/lost_and_found_TEST/lost-and-found/config/initializers/paper_trail.rb": {
        "lines": [
          1,
          1,
          null,
          null,
          1
        ]
      },
      "/Users/drewfacchiano/.code/Code/Berk/lost_and_found_TEST/lost-and-found/config/initializers/wrap_parameters.rb": {
        "lines": [
          null,
          null,
          null,
          null,
          1,
          2,
          null
        ]
      },
      "/Users/drewfacchiano/.code/Code/Berk/lost_and_found_TEST/lost-and-found/config/routes.rb": {
        "lines": [
          null,
          null,
          1,
          1,
          null,
          1,
          1,
          1,
          null,
          1,
          1,
          1,
          1,
          1,
          null,
          1,
          1,
          1,
          1,
          1,
          null,
          null,
          null,
          null,
          1,
          null,
          1,
          1,
          1,
          1,
          1,
          1,
          1,
          1,
          1,
          1,
          1,
          1,
          null,
          1,
          1,
          1,
          1,
          1,
          1,
          1,
          1,
          1,
          1,
          null,
          1,
          1,
          1,
          1,
          1,
          null,
          1,
          1,
          1,
          1,
          1,
          1,
          null,
          1,
          1,
          1,
          1,
          1,
          1,
          1,
          1,
          1,
          1,
          1,
          1,
          0,
          null,
          null
        ]
      },
      "/Users/drewfacchiano/.code/Code/Berk/lost_and_found_TEST/lost-and-found/app/helpers/application_helper.rb": {
        "lines": [
          1,
          null,
          1,
          72,
          0,
          16,
          0,
          56,
          null,
          null,
          null,
          1,
          0,
          null,
          null,
          1,
          215,
          null,
          null,
          null,
          null,
          null,
          null,
          1,
          0,
          null,
          null,
          null,
          null,
          null,
          null,
          1,
          215,
          null,
          null,
          1,
          215,
          null,
          null,
          1,
          215,
          null,
          null,
          1,
          0,
          0,
          0,
          0,
          null,
          null,
          null,
          1,
          0,
          null,
          null,
          1,
          0,
          null,
          null,
          1,
          0,
          null,
          null,
          1,
          0,
          null,
          null,
          1,
          0,
          null,
          null,
          1,
          0,
          null,
          null,
          1,
          0,
          null,
          null,
          1,
          0,
          0,
          null,
          null,
          1,
          0,
          null,
          null,
          0,
          null,
          null,
          null
        ]
      },
      "/Users/drewfacchiano/.code/Code/Berk/lost_and_found_TEST/lost-and-found/spec/user_helper.rb": {
        "lines": [
          1,
          null,
          1,
          0,
          null,
          null,
          1,
          1,
          null,
          1,
          1,
          1,
          0,
          0,
          null,
          null,
          1,
          0,
          null,
          null,
          null,
          null,
          null
        ]
      },
      "/Users/drewfacchiano/.code/Code/Berk/lost_and_found_TEST/lost-and-found/app/models/mock_user/type.rb": {
        "lines": [
          1,
          1,
          1,
          1,
          1,
          null,
          null
        ]
      },
      "/Users/drewfacchiano/.code/Code/Berk/lost_and_found_TEST/lost-and-found/spec/calnet_helper.rb": {
        "lines": [
          1,
          1,
          null,
          1,
          1,
          null,
          null,
          1,
          1,
          1,
          null,
          null,
          1,
          1,
          1,
          null,
          0,
          0,
          null,
          1,
          null,
          null,
          1,
          1,
          1,
          null,
          1,
          1,
          null,
          1,
          1,
          null,
          1,
          null,
          null,
          1,
          1,
          null,
          1,
          null
        ]
      },
      "/Users/drewfacchiano/.code/Code/Berk/lost_and_found_TEST/lost-and-found/app/controllers/items_controller.rb": {
        "lines": [
          1,
          null,
          1,
          0,
          0,
          0,
          null,
          0,
          0,
          null,
          0,
          0,
          null,
          0,
          null,
          null,
          1,
          0,
          null,
          0,
          null,
          null,
          1,
          0,
          0,
          0,
          0,
          null,
          null,
          1,
          6,
          6,
          6,
          6,
          6,
          null,
          6,
          3,
          null,
          3,
          null,
          null,
          6,
          0,
          null,
          6,
          0,
          null,
          null,
          6,
          0,
          0,
          0,
          0,
          null,
          0,
          0,
          0,
          0,
          null,
          null,
          null,
          null,
          31,
          6,
          null,
          6,
          6,
          6,
          6,
          6,
          null,
          6,
          null,
          6,
          null,
          null,
          1,
          2,
          2,
          2,
          2,
          2,
          2,
          null,
          2,
          null,
          null,
          1,
          0,
          0,
          0,
          null,
          0,
          null,
          null,
          1,
          0,
          0,
          0,
          null,
          null,
          1,
          1,
          1,
          1,
          1,
          null,
          1,
          null,
          null,
          1,
          0,
          0,
          0,
          0,
          null,
          null,
          1,
          null,
          0,
          0,
          null,
          null,
          0,
          0,
          0,
          0,
          0,
          0,
          null,
          0,
          0,
          null,
          null,
          0,
          null,
          null,
          1,
          7,
          7,
          7,
          7,
          7,
          7,
          7,
          7,
          7,
          7,
          7,
          7,
          7,
          7,
          7,
          7,
          7,
          7,
          7,
          7,
          null,
          7,
          4,
          3,
          3,
          3,
          3,
          3,
          3,
          null,
          null,
          null,
          1,
          0,
          null,
          null,
          1,
          2,
          1,
          1,
          1,
          1,
          1,
          1,
          1,
          1,
          1,
          1,
          1,
          15,
          null,
          null,
          null,
          1,
          null,
          null,
          null,
          null,
          null,
          null,
          null,
          null,
          null,
          null,
          null,
          null,
          null,
          null,
          null,
          1,
          null,
          null,
          null,
          null,
          null,
          null,
          null,
          null,
          null,
          null,
          null,
          null,
          1,
          1,
          1,
          0,
          0,
          0,
          null,
          null,
          1,
          null,
          null,
          null,
          1,
          1,
          1,
          1,
          1,
          1,
          1,
          1,
          1,
          1,
          1,
          1,
          1,
          1,
          1,
          1,
          1,
          1,
          1,
          1,
          1,
          null,
          1,
          1,
          null,
          0,
          null,
          null,
          1,
          1,
          null,
          1,
          1,
          null,
          null,
          null,
          1,
          0,
          0,
          0,
          null,
          0,
          0,
          0,
          0,
          null,
          null,
          0,
          0,
          null,
          null,
          1,
          0,
          0,
          0,
          null,
          null,
          null
        ]
      },
      "/Users/drewfacchiano/.code/Code/Berk/lost_and_found_TEST/lost-and-found/app/controllers/application_controller.rb": {
        "lines": [
          null,
          1,
          1,
          1,
          1,
          null,
          1,
          1,
          null,
          1,
          1,
          1,
          1,
          277,
          null,
          1,
          311,
          0,
          0,
          0,
          null,
          null,
          null,
          1,
          275,
          0,
          0,
          0,
          null,
          null,
          null,
          1,
          null,
          4,
          null,
          null,
          4,
          4,
          null,
          null,
          1,
          0,
          null,
          null,
          1,
          1,
          1,
          1,
          1,
          1,
          1,
          1,
          1,
          0,
          0,
          null,
          null,
          null,
          1,
          0,
          0,
          null,
          null,
          1,
          0,
          null,
          null,
          1,
          384,
          25,
          25,
          25,
          null,
          359,
          null,
          null,
          1,
          274,
          8,
          8,
          8,
          null,
          266,
          null,
          null,
          1,
          225,
          2,
          2,
          2,
          null,
          223,
          null,
          null,
          1,
          1,
          1,
          null,
          1,
          24,
          360,
          24,
          24,
          24,
          336,
          null,
          24,
          null,
          null,
          1,
          24,
          336,
          24,
          24,
          24,
          312,
          null,
          24,
          null,
          null
        ]
      },
      "/Users/drewfacchiano/.code/Code/Berk/lost_and_found_TEST/lost-and-found/app/controllers/concerns/exception_handling.rb": {
        "lines": [
          1,
          1,
          null,
          1,
          null,
          1,
          1,
          1,
          null,
          null,
          1,
          0,
          0,
          null,
          null,
          1,
          0,
          0,
          null,
          null,
          null,
          null
        ]
      },
      "/Users/drewfacchiano/.code/Code/Berk/lost_and_found_TEST/lost-and-found/app/lib/error.rb": {
        "lines": [
          null,
          null,
          null,
          null,
          1,
          null
        ]
      },
      "/Users/drewfacchiano/.code/Code/Berk/lost_and_found_TEST/lost-and-found/app/lib/error/unauthorized_error.rb": {
        "lines": [
          1,
          null,
          null,
          null,
          null,
          null,
          null,
          1,
          null,
          null
        ]
      },
      "/Users/drewfacchiano/.code/Code/Berk/lost_and_found_TEST/lost-and-found/app/lib/error/application_error.rb": {
        "lines": [
          1,
          null,
          1,
          null,
          null
        ]
      },
      "/Users/drewfacchiano/.code/Code/Berk/lost_and_found_TEST/lost-and-found/app/lib/error/forbidden_error.rb": {
        "lines": [
          1,
          null,
          1,
          null,
          null
        ]
      },
      "/Users/drewfacchiano/.code/Code/Berk/lost_and_found_TEST/lost-and-found/spec/edit_history_spec.rb": {
        "lines": [
          1,
          1,
          1,
          null,
          null,
          1,
          1,
          null,
          null
        ]
      },
      "/Users/drewfacchiano/.code/Code/Berk/lost_and_found_TEST/lost-and-found/spec/features/admin_navigation_spec.rb": {
        "lines": [
          1,
          null,
          1,
          1,
          24,
          24,
          24,
          24,
          24,
          24,
          null,
          null,
          1,
          1,
          1,
          1,
          1,
          1,
          1,
          1,
          1,
          null,
          null,
          1,
          1,
          1,
          1,
          1,
          1,
          1,
          1,
          null,
          null,
          1,
          1,
          1,
          1,
          1,
          1,
          1,
          1,
          null,
          null,
          1,
          1,
          1,
          1,
          1,
          1,
          1,
          1,
          1,
          1,
          1,
          1,
          null,
          null,
          1,
          1,
          1,
          1,
          1,
          1,
          1,
          1,
          1,
          1,
          null,
          null,
          1,
          1,
          1,
          1,
          1,
          1,
          1,
          1,
          1,
          1,
          1,
          1,
          1,
          1,
          1,
          null,
          null,
          1,
          1,
          1,
          1,
          1,
          1,
          1,
          1,
          1,
          1,
          1,
          1,
          1,
          1,
          null,
          null,
          1,
          1,
          1,
          1,
          1,
          1,
          1,
          1,
          1,
          1,
          1,
          1,
          1,
          1,
          1,
          1,
          1,
          1,
          null,
          null,
          1,
          1,
          1,
          1,
          1,
          1,
          null,
          null,
          null,
          null,
          1,
          1,
          1,
          1,
          1,
          1,
          1,
          1,
          1,
          null,
          null,
          1,
          1,
          1,
          1,
          1,
          1,
          1,
          1,
          1,
          1,
          1,
          null,
          null,
          1,
          1,
          1,
          1,
          1,
          1,
          1,
          null,
          null,
          1,
          1,
          1,
          1,
          1,
          null,
          null,
          1,
          1,
          1,
          1,
          1,
          1,
          null,
          null,
          1,
          1,
          1,
          1,
          1,
          null,
          null,
          1,
          1,
          1,
          1,
          null,
          null,
          1,
          1,
          1,
          1,
          1,
          1,
          null,
          null,
          1,
          1,
          1,
          1,
          1,
          1,
          1,
          1,
          null,
          null,
          1,
          1,
          1,
          1,
          1,
          1,
          1,
          1,
          1,
          1,
          1,
          null,
          null,
          1,
          1,
          1,
          1,
          1,
          1,
          1,
          1,
          null,
          null,
          1,
          1,
          1,
          1,
          1,
          null,
          null,
          1,
          1,
          1,
          1,
          1,
          1,
          null,
          null,
          1,
          1,
          1,
          1,
          1,
          1,
          1,
          1,
          1,
          1,
          null,
          null,
          1,
          1,
          1,
          1,
          1,
          1,
          1,
          1,
          1,
          1,
          null,
          null
        ]
      },
      "/Users/drewfacchiano/.code/Code/Berk/lost_and_found_TEST/lost-and-found/spec/features/claimed_items_spec.rb": {
        "lines": [
          1,
          null,
          1,
          1,
          1,
          1,
          1,
          1,
          1,
          null,
          null,
          1,
          null,
          1,
          1,
          1,
          1,
          1,
          1,
          1,
          1,
          null,
          1,
          1,
          1,
          1,
          1,
          1,
          1,
          1,
          1,
          1,
          1,
          1,
          1,
          null,
          null
        ]
      },
      "/Users/drewfacchiano/.code/Code/Berk/lost_and_found_TEST/lost-and-found/spec/features/insert_form_spec.rb": {
        "lines": [
          1,
          null,
          1,
          1,
          5,
          5,
          5,
          5,
          5,
          null,
          null,
          5,
          5,
          5,
          5,
          5,
          5,
          5,
          5,
          5,
          null,
          null,
          1,
          1,
          1,
          null,
          null,
          1,
          1,
          1,
          1,
          null,
          null,
          1,
          1,
          1,
          1,
          1,
          1,
          1,
          1,
          1,
          1,
          null,
          null,
          1,
          1,
          1,
          1,
          1,
          null,
          null,
          1,
          1,
          1,
          1,
          null,
          null
        ]
      },
      "/Users/drewfacchiano/.code/Code/Berk/lost_and_found_TEST/lost-and-found/spec/features/search_form_spec.rb": {
        "lines": [
          1,
          null,
          1,
          1,
          8,
          8,
          8,
          8,
          8,
          null,
          8,
          8,
          8,
          8,
          8,
          8,
          8,
          8,
          null,
          null,
          1,
          1,
          1,
          null,
          null,
          1,
          1,
          1,
          1,
          null,
          null,
          1,
          1,
          1,
          1,
          1,
          1,
          1,
          1,
          1,
          1,
          1,
          1,
          null,
          null,
          1,
          1,
          1,
          1,
          null,
          null,
          1,
          1,
          1,
          1,
          1,
          1,
          1,
          1,
          null,
          null,
          1,
          1,
          1,
          1,
          1,
          1,
          1,
          1,
          1,
          1,
          1,
          1,
          1,
          null,
          null,
          1,
          1,
          1,
          1,
          1,
          1,
          1,
          1,
          null,
          null,
          1,
          1,
          1,
          null,
          null,
          null
        ]
      },
      "/Users/drewfacchiano/.code/Code/Berk/lost_and_found_TEST/lost-and-found/spec/models/item_spec.rb": {
        "lines": [
          1,
          null,
          1,
          1,
          1,
          1,
          null,
          null,
          1,
          1,
          1,
          1,
          null,
          null,
          null,
          1,
          1,
          null,
          null,
          null,
          null,
          null,
          1,
          1,
          0,
          0,
          null,
          null,
          null
        ]
      },
      "/Users/drewfacchiano/.code/Code/Berk/lost_and_found_TEST/lost-and-found/app/models/item.rb": {
        "lines": [
          1,
          1,
          1,
          1,
          1,
          1,
          1,
          null,
          1,
          1,
          null,
          1,
          0,
          null,
          null,
          1,
          0,
          null,
          null,
          3,
          3,
          1,
          3,
          3,
          3,
          3,
          6,
          6,
          null,
          3,
          null,
          null
        ]
      },
      "/Users/drewfacchiano/.code/Code/Berk/lost_and_found_TEST/lost-and-found/app/models/application_record.rb": {
        "lines": [
          1,
          1,
          null
        ]
      },
      "/Users/drewfacchiano/.code/Code/Berk/lost_and_found_TEST/lost-and-found/spec/models/user_spec.rb": {
        "lines": [
          1,
          null,
          1,
          1,
          1,
          1,
          1,
          1,
          1,
          null,
          null,
          1,
          1,
          1,
          null,
          null,
          null
        ]
      },
      "/Users/drewfacchiano/.code/Code/Berk/lost_and_found_TEST/lost-and-found/app/models/user.rb": {
        "lines": [
          1,
          null,
          null,
          1,
          1,
          1,
          1,
          1,
          null,
          1,
          null,
          1,
          0,
          null,
          0,
          null,
          0,
          null,
          0,
          null,
          null,
          1,
          null,
          1,
          null,
          2,
          null,
          2,
          null,
          null,
          null,
          1,
          null,
          1,
          null,
          null,
          1,
          null,
          1,
          0,
          null,
          null
        ]
      },
      "/Users/drewfacchiano/.code/Code/Berk/lost_and_found_TEST/lost-and-found/spec/sessions_request_spec.rb": {
        "lines": [
          1,
          null,
          1,
          1,
          1,
          3,
          1,
          null,
          1,
          2,
          1,
          1,
          1,
          1,
          null,
          null
        ]
      },
      "/Users/drewfacchiano/.code/Code/Berk/lost_and_found_TEST/lost-and-found/app/controllers/sessions_controller.rb": {
        "lines": [
          null,
          null,
          1,
          1,
          1,
          null,
          1,
          0,
          0,
          null,
          0,
          null,
          null,
          null,
          1,
          1,
          null,
          null,
          null,
          null,
          1,
          null,
          1,
          1,
          null,
          null,
          1,
          0,
          0,
          0,
          null,
          null,
          1,
          0,
          0,
          null,
          null,
          1,
          0,
          null,
          null,
          null,
          null,
          0,
          null,
          0,
          null,
          null,
          1,
          null,
          1,
          0,
          null,
          null,
          1,
          null,
          1,
          2,
          null,
          null,
          1,
          0,
          null,
          null
        ]
      },
      "/Users/drewfacchiano/.code/Code/Berk/lost_and_found_TEST/lost-and-found/app/controllers/home_controller.rb": {
        "lines": [
          1,
          1,
          0,
          null,
          null,
          1,
          0,
          0,
          null,
          null,
          1,
          23,
          23,
          23,
          23,
          23,
          null,
          null,
          1,
          44,
          44,
          490,
          44,
          null,
          44,
          77,
          44,
          null,
          44,
          null,
          null,
          1,
          44,
          44,
          455,
          44,
          null,
          44,
          77,
          44,
          null,
          44,
          null,
          null,
          1,
          0,
          0,
          0,
          null,
          0,
          null,
          null,
          1,
          0,
          0,
          null,
          null,
          1,
          2,
          null,
          null,
          1,
          2,
          null,
          null,
          1,
          0,
          null,
          null,
          1,
          0,
          null,
          null,
          1,
          2,
          null,
          null,
          1,
          0,
          null,
          null,
          1,
          56,
          56,
          56,
          null,
          56,
          56,
          56,
          null,
          56,
          56,
          null,
          56,
          null,
          null
        ]
      },
      "/Users/drewfacchiano/.code/Code/Berk/lost_and_found_TEST/lost-and-found/app/models/location.rb": {
        "lines": [
          1,
          1,
          25,
          null
        ]
      },
      "/Users/drewfacchiano/.code/Code/Berk/lost_and_found_TEST/lost-and-found/app/models/item_type.rb": {
        "lines": [
          1,
          1,
          25,
          null
        ]
      },
      "/Users/drewfacchiano/.code/Code/Berk/lost_and_found_TEST/lost-and-found/app/models/role.rb": {
        "lines": [
          1,
          null
        ]
      },
      "/Users/drewfacchiano/.code/Code/Berk/lost_and_found_TEST/lost-and-found/app/controllers/users_controller.rb": {
        "lines": [
          1,
          null,
          1,
          3,
          3,
          3,
          null,
          null,
          1,
          9,
          9,
          9,
          9,
          9,
          9,
          9,
          null,
          9,
          4,
          null,
          1,
          null,
          null,
          4,
          null,
          9,
          9,
          null,
          null,
          1,
          null,
          3,
          3,
          3,
          1,
          null,
          1,
          null,
          2,
          null,
          1,
          null,
          3,
          null,
          null,
          1,
          1,
          1,
          1,
          1,
          1,
          null,
          null
        ]
      },
      "/Users/drewfacchiano/.code/Code/Berk/lost_and_found_TEST/lost-and-found/app/controllers/item_types_controller.rb": {
        "lines": [
          1,
          null,
          1,
          0,
          null,
          null,
          1,
          19,
          19,
          19,
          19,
          19,
          null,
          null,
          19,
          3,
          3,
          3,
          null,
          16,
          16,
          16,
          null,
          0,
          0,
          0,
          0,
          null,
          null,
          null,
          1,
          1,
          null,
          null,
          1,
          1,
          1,
          1,
          1,
          1,
          null,
          0,
          0,
          null,
          null,
          1,
          1,
          1,
          1,
          1,
          1,
          null,
          null,
          1,
          2,
          1,
          1,
          1,
          1,
          11,
          11,
          11,
          11,
          11,
          22,
          null,
          null,
          11,
          11,
          11,
          11,
          11,
          null,
          11,
          null,
          null,
          null,
          1,
          1,
          null,
          1,
          1,
          null,
          null,
          null
        ]
      },
      "/Users/drewfacchiano/.code/Code/Berk/lost_and_found_TEST/lost-and-found/app/controllers/locations_controller.rb": {
        "lines": [
          1,
          null,
          1,
          19,
          19,
          19,
          19,
          19,
          null,
          null,
          19,
          2,
          2,
          2,
          null,
          17,
          17,
          17,
          null,
          0,
          0,
          0,
          0,
          null,
          null,
          null,
          1,
          1,
          null,
          null,
          1,
          1,
          1,
          1,
          1,
          1,
          null,
          0,
          0,
          null,
          null,
          1,
          1,
          1,
          1,
          1,
          1,
          null,
          null,
          1,
          2,
          1,
          1,
          1,
          1,
          13,
          13,
          13,
          13,
          13,
          39,
          null,
          null,
          13,
          13,
          13,
          13,
          13,
          null,
          13,
          null,
          null,
          null,
          1,
          1,
          null,
          1,
          1,
          null,
          null,
          null
        ]
      },
      "/Users/drewfacchiano/.code/Code/Berk/lost_and_found_TEST/lost-and-found/app/controllers/forms_controller.rb": {
        "lines": [
          1,
          1,
          10,
          10,
          null,
          10,
          null,
          null,
          1,
          10,
          10,
          null,
          10,
          null,
          null
        ]
      }
    },
    "timestamp": 1610167606
  }
}
